2021-01-06 17:16:29,703 [Worker-7: Loading available Gradle versions] INFO  o.e.b.c.i.u.g.PublishedGradleVersions - Gradle version information cache is out-of-date. Trying to update.
2021-01-06 17:20:41,323 [Worker-7: Importing Maven projects] ERROR o.e.m.c.i.p.ProjectConfigurationManager - Project taco-cloud already exists
2021-01-06 17:20:41,326 [Worker-7: Importing Maven projects] ERROR o.e.m.c.i.p.ProjectConfigurationManager - Project taco-cloud already exists
2021-01-06 17:20:41,328 [Worker-7: Importing Maven projects] ERROR o.e.m.c.i.p.ProjectConfigurationManager - Project taco-cloud already exists
2021-01-06 17:20:41,328 [Worker-7: Importing Maven projects] ERROR o.e.m.c.i.p.ProjectConfigurationManager - Project taco-cloud already exists
2021-01-06 17:20:41,330 [Worker-7: Importing Maven projects] ERROR o.e.m.c.i.p.ProjectConfigurationManager - Project taco-cloud already exists
2021-01-06 17:21:21,587 [Worker-7: Importing Maven projects] ERROR o.e.m.c.i.p.ProjectConfigurationManager - Project taco-cloud already exists
2021-01-06 17:22:28,375 [Worker-7: Importing Maven projects] ERROR o.e.m.c.i.p.ProjectConfigurationManager - Project taco-cloud already exists
2021-01-06 17:22:28,377 [Worker-7: Importing Maven projects] ERROR o.e.m.c.i.p.ProjectConfigurationManager - Project tacocloud-api already exists
2021-01-06 17:22:28,378 [Worker-7: Importing Maven projects] ERROR o.e.m.c.i.p.ProjectConfigurationManager - Project tacocloud-data already exists
2021-01-06 17:22:28,379 [Worker-7: Importing Maven projects] ERROR o.e.m.c.i.p.ProjectConfigurationManager - Project tacocloud-domain already exists
2021-01-06 17:22:29,075 [Worker-7: Importing Maven projects] ERROR o.e.m.c.i.p.ProjectConfigurationManager - Project tacocloud-security already exists
2021-01-06 17:22:29,075 [Worker-7: Importing Maven projects] ERROR o.e.m.c.i.p.ProjectConfigurationManager - Project tacocloud-web already exists
2021-01-06 17:22:29,076 [Worker-7: Importing Maven projects] ERROR o.e.m.c.i.p.ProjectConfigurationManager - Project tacocloud-ui already exists
2021-01-06 17:23:11,915 [Worker-7: Importing Maven projects] ERROR o.e.m.c.i.p.ProjectConfigurationManager - Project taco-cloud already exists
2021-01-06 17:23:11,916 [Worker-7: Importing Maven projects] ERROR o.e.m.c.i.p.ProjectConfigurationManager - Project tacocloud-api already exists
2021-01-06 17:23:11,917 [Worker-7: Importing Maven projects] ERROR o.e.m.c.i.p.ProjectConfigurationManager - Project tacocloud-data already exists
2021-01-06 17:23:11,918 [Worker-7: Importing Maven projects] ERROR o.e.m.c.i.p.ProjectConfigurationManager - Project tacocloud-domain already exists
2021-01-06 17:23:12,354 [Worker-7: Importing Maven projects] ERROR o.e.m.c.i.p.ProjectConfigurationManager - Project tacocloud-restclient already exists
2021-01-06 17:23:12,355 [Worker-7: Importing Maven projects] ERROR o.e.m.c.i.p.ProjectConfigurationManager - Project tacocloud-security already exists
2021-01-06 17:23:12,356 [Worker-7: Importing Maven projects] ERROR o.e.m.c.i.p.ProjectConfigurationManager - Project tacocloud-web already exists
2021-01-06 17:23:12,357 [Worker-7: Importing Maven projects] ERROR o.e.m.c.i.p.ProjectConfigurationManager - Project tacocloud-ui already exists
2021-01-06 17:23:23,203 [Worker-7: Importing Maven projects] INFO  o.e.m.c.i.l.LifecycleMappingFactory - Using org.eclipse.m2e.jdt.JarLifecycleMapping lifecycle mapping for MavenProject: sia:tacocloud-ui:0.0.6-SNAPSHOT @ C:\Users\Tash\Desktop\TacoCloud spring\ch06\tacocloud-ui\pom.xml.
2021-01-06 17:23:23,393 [Worker-7: Importing Maven projects] INFO  o.e.m.c.i.l.LifecycleMappingFactory - Using org.eclipse.m2e.jdt.JarLifecycleMapping lifecycle mapping for MavenProject: sia:tacocloud-messaging-rabbitmq:0.0.8-SNAPSHOT @ C:\Users\Tash\Desktop\TacoCloud spring\ch08\tacocloud-messaging-rabbitmq\pom.xml.
2021-01-06 17:23:23,465 [Worker-7: Importing Maven projects] WARN  o.e.m.c.i.embedder.EclipseLogger - The POM for sia:tacocloud-domain:jar:0.0.8-SNAPSHOT is missing, no dependency information available
2021-01-06 17:23:26,121 [Worker-7: Importing Maven projects] INFO  o.e.m.c.i.l.LifecycleMappingFactory - Using org.eclipse.m2e.jdt.JarLifecycleMapping lifecycle mapping for MavenProject: sia:tacocloud-security:0.0.6-SNAPSHOT @ C:\Users\Tash\Desktop\TacoCloud spring\ch06\tacocloud-security\pom.xml.
2021-01-06 17:23:29,075 [Worker-7: Importing Maven projects] INFO  o.e.m.c.i.p.WorkspaceClassifierResolverManager - Resolving P/tacocloud-data: sia:tacocloud-data:0.0.6-SNAPSHOT with classifier  to /tacocloud-data/target/classes
2021-01-06 17:23:29,165 [Worker-7: Importing Maven projects] INFO  o.e.m.c.i.p.WorkspaceClassifierResolverManager - Resolving P/tacocloud-domain: sia:tacocloud-domain:0.0.6-SNAPSHOT with classifier  to /tacocloud-domain/target/classes
2021-01-06 17:23:29,456 [Worker-7: Importing Maven projects] INFO  o.e.m.c.i.l.LifecycleMappingFactory - Using org.eclipse.m2e.jdt.JarLifecycleMapping lifecycle mapping for MavenProject: sia:taco-cloud:0.0.1-SNAPSHOT @ C:\Users\Tash\Desktop\TacoCloud spring\ch01\tacos\pom.xml.
2021-01-06 17:23:31,862 [Worker-7: Importing Maven projects] INFO  o.e.m.c.i.l.LifecycleMappingFactory - Using NULL lifecycle mapping for MavenProject: sia:taco-cloud-parent:0.0.6-SNAPSHOT @ C:\Users\Tash\Desktop\TacoCloud spring\ch06\pom.xml.
2021-01-06 17:23:31,864 [Worker-7: Importing Maven projects] INFO  o.e.m.c.i.l.LifecycleMappingFactory - Using NULL lifecycle mapping for MavenProject: sia:taco-cloud-parent:0.0.8-SNAPSHOT @ C:\Users\Tash\Desktop\TacoCloud spring\ch08\pom.xml.
2021-01-06 17:23:32,004 [Worker-7: Importing Maven projects] INFO  o.e.m.c.i.l.LifecycleMappingFactory - Using org.eclipse.m2e.jdt.JarLifecycleMapping lifecycle mapping for MavenProject: sia:tacocloud-data:0.0.6-SNAPSHOT @ C:\Users\Tash\Desktop\TacoCloud spring\ch06\tacocloud-data\pom.xml.
2021-01-06 17:23:32,012 [Worker-7: Importing Maven projects] INFO  o.e.m.c.i.p.WorkspaceClassifierResolverManager - Resolving P/tacocloud-domain: sia:tacocloud-domain:0.0.6-SNAPSHOT with classifier  to /tacocloud-domain/target/classes
2021-01-06 17:23:32,044 [Worker-7: Importing Maven projects] INFO  o.e.m.c.i.l.LifecycleMappingFactory - Using NULL lifecycle mapping for MavenProject: sia:taco-cloud-parent:0.0.7-SNAPSHOT @ C:\Users\Tash\Desktop\TacoCloud spring\ch07\pom.xml.
2021-01-06 17:23:32,200 [Worker-7: Importing Maven projects] INFO  o.e.m.c.i.l.LifecycleMappingFactory - Using org.eclipse.m2e.jdt.JarLifecycleMapping lifecycle mapping for MavenProject: sia:tacocloud-web:0.0.6-SNAPSHOT @ C:\Users\Tash\Desktop\TacoCloud spring\ch06\tacocloud-web\pom.xml.
2021-01-06 17:23:32,629 [Worker-7: Importing Maven projects] INFO  o.e.m.c.i.p.WorkspaceClassifierResolverManager - Resolving P/tacocloud-data: sia:tacocloud-data:0.0.6-SNAPSHOT with classifier  to /tacocloud-data/target/classes
2021-01-06 17:23:32,644 [Worker-7: Importing Maven projects] INFO  o.e.m.c.i.p.WorkspaceClassifierResolverManager - Resolving P/tacocloud-domain: sia:tacocloud-domain:0.0.6-SNAPSHOT with classifier  to /tacocloud-domain/target/classes
2021-01-06 17:23:32,855 [Worker-7: Importing Maven projects] INFO  o.e.m.c.i.l.LifecycleMappingFactory - Using org.eclipse.m2e.jdt.JarLifecycleMapping lifecycle mapping for MavenProject: sia:tacocloud-api:0.0.6-SNAPSHOT @ C:\Users\Tash\Desktop\TacoCloud spring\ch06\tacocloud-api\pom.xml.
2021-01-06 17:23:32,883 [Worker-7: Importing Maven projects] INFO  o.e.m.c.i.p.WorkspaceClassifierResolverManager - Resolving P/tacocloud-data: sia:tacocloud-data:0.0.6-SNAPSHOT with classifier  to /tacocloud-data/target/classes
2021-01-06 17:23:32,888 [Worker-7: Importing Maven projects] INFO  o.e.m.c.i.p.WorkspaceClassifierResolverManager - Resolving P/tacocloud-domain: sia:tacocloud-domain:0.0.6-SNAPSHOT with classifier  to /tacocloud-domain/target/classes
2021-01-06 17:23:32,888 [Worker-7: Importing Maven projects] INFO  o.e.m.c.i.p.WorkspaceClassifierResolverManager - Resolving P/tacocloud-security: sia:tacocloud-security:0.0.6-SNAPSHOT with classifier  to /tacocloud-security/target/classes
2021-01-06 17:23:33,177 [Worker-7: Importing Maven projects] INFO  o.e.m.c.i.l.LifecycleMappingFactory - Using org.eclipse.m2e.jdt.JarLifecycleMapping lifecycle mapping for MavenProject: sia:tacocloud-messaging-kafka:0.0.8-SNAPSHOT @ C:\Users\Tash\Desktop\TacoCloud spring\ch08\tacocloud-messaging-kafka\pom.xml.
2021-01-06 17:23:33,548 [Worker-7: Importing Maven projects] INFO  o.e.m.c.i.l.LifecycleMappingFactory - Using org.eclipse.m2e.jdt.JarLifecycleMapping lifecycle mapping for MavenProject: sia:tacocloud-domain:0.0.6-SNAPSHOT @ C:\Users\Tash\Desktop\TacoCloud spring\ch06\tacocloud-domain\pom.xml.
2021-01-06 17:23:34,787 [Worker-7: Importing Maven projects] INFO  o.e.m.c.i.l.LifecycleMappingFactory - Using org.eclipse.m2e.jdt.JarLifecycleMapping lifecycle mapping for MavenProject: sia:tacocloud-kitchen:0.0.8-SNAPSHOT @ C:\Users\Tash\Desktop\TacoCloud spring\ch08\tacocloud-kitchen\pom.xml.
2021-01-06 17:23:36,458 [Worker-7: Importing Maven projects] INFO  o.e.m.c.i.l.LifecycleMappingFactory - Using org.eclipse.m2e.jdt.JarLifecycleMapping lifecycle mapping for MavenProject: sia:tacocloud-messaging-jms:0.0.8-SNAPSHOT @ C:\Users\Tash\Desktop\TacoCloud spring\ch08\tacocloud-messaging-jms\pom.xml.
2021-01-06 17:23:36,726 [Worker-7: Importing Maven projects] INFO  o.e.m.c.i.l.LifecycleMappingFactory - Using org.eclipse.m2e.jdt.JarLifecycleMapping lifecycle mapping for MavenProject: sia:tacocloud-restclient:0.0.7-SNAPSHOT @ C:\Users\Tash\Desktop\TacoCloud spring\ch07\tacocloud-restclient\pom.xml.
2021-01-06 17:23:36,754 [Worker-7: Importing Maven projects] WARN  o.e.m.c.i.embedder.EclipseLogger - The POM for sia:tacocloud-domain:jar:0.0.7-SNAPSHOT is missing, no dependency information available
2021-01-06 17:23:37,079 [Worker-7: Importing Maven projects] INFO  o.e.m.c.i.l.LifecycleMappingFactory - Using org.eclipse.m2e.jdt.JarLifecycleMapping lifecycle mapping for MavenProject: sia:tacocloud-messaging-rabbitmq:0.0.8-SNAPSHOT @ C:\Users\Tash\Desktop\TacoCloud spring\ch08\tacocloud-messaging-rabbitmq\pom.xml.
2021-01-06 17:23:37,286 [Worker-7: Importing Maven projects] INFO  o.e.m.c.i.l.LifecycleMappingFactory - Using org.eclipse.m2e.jdt.JarLifecycleMapping lifecycle mapping for MavenProject: sia:tacocloud-ui:0.0.6-SNAPSHOT @ C:\Users\Tash\Desktop\TacoCloud spring\ch06\tacocloud-ui\pom.xml.
2021-01-06 17:23:37,458 [Worker-7: Importing Maven projects] INFO  o.e.m.c.i.l.LifecycleMappingFactory - Using org.eclipse.m2e.jdt.JarLifecycleMapping lifecycle mapping for MavenProject: sia:tacocloud-security:0.0.6-SNAPSHOT @ C:\Users\Tash\Desktop\TacoCloud spring\ch06\tacocloud-security\pom.xml.
2021-01-06 17:23:37,463 [Worker-7: Importing Maven projects] INFO  o.e.m.c.i.p.WorkspaceClassifierResolverManager - Resolving P/tacocloud-data: sia:tacocloud-data:0.0.6-SNAPSHOT with classifier  to /tacocloud-data/target/classes
2021-01-06 17:23:37,474 [Worker-7: Importing Maven projects] INFO  o.e.m.c.i.p.WorkspaceClassifierResolverManager - Resolving P/tacocloud-domain: sia:tacocloud-domain:0.0.6-SNAPSHOT with classifier  to /tacocloud-domain/target/classes
2021-01-06 17:23:37,705 [Worker-7: Importing Maven projects] INFO  o.e.m.c.i.l.LifecycleMappingFactory - Using org.eclipse.m2e.jdt.JarLifecycleMapping lifecycle mapping for MavenProject: sia:tacocloud-data:0.0.6-SNAPSHOT @ C:\Users\Tash\Desktop\TacoCloud spring\ch06\tacocloud-data\pom.xml.
2021-01-06 17:23:37,711 [Worker-7: Importing Maven projects] INFO  o.e.m.c.i.p.WorkspaceClassifierResolverManager - Resolving P/tacocloud-domain: sia:tacocloud-domain:0.0.6-SNAPSHOT with classifier  to /tacocloud-domain/target/classes
2021-01-06 17:23:37,901 [Worker-7: Importing Maven projects] INFO  o.e.m.c.i.l.LifecycleMappingFactory - Using org.eclipse.m2e.jdt.JarLifecycleMapping lifecycle mapping for MavenProject: sia:tacocloud-messaging-kafka:0.0.8-SNAPSHOT @ C:\Users\Tash\Desktop\TacoCloud spring\ch08\tacocloud-messaging-kafka\pom.xml.
2021-01-06 17:23:38,092 [Worker-7: Importing Maven projects] INFO  o.e.m.c.i.l.LifecycleMappingFactory - Using org.eclipse.m2e.jdt.JarLifecycleMapping lifecycle mapping for MavenProject: sia:tacocloud-web:0.0.6-SNAPSHOT @ C:\Users\Tash\Desktop\TacoCloud spring\ch06\tacocloud-web\pom.xml.
2021-01-06 17:23:38,100 [Worker-7: Importing Maven projects] INFO  o.e.m.c.i.p.WorkspaceClassifierResolverManager - Resolving P/tacocloud-data: sia:tacocloud-data:0.0.6-SNAPSHOT with classifier  to /tacocloud-data/target/classes
2021-01-06 17:23:38,105 [Worker-7: Importing Maven projects] INFO  o.e.m.c.i.p.WorkspaceClassifierResolverManager - Resolving P/tacocloud-domain: sia:tacocloud-domain:0.0.6-SNAPSHOT with classifier  to /tacocloud-domain/target/classes
2021-01-06 17:23:38,257 [Worker-7: Importing Maven projects] INFO  o.e.m.c.i.l.LifecycleMappingFactory - Using org.eclipse.m2e.jdt.JarLifecycleMapping lifecycle mapping for MavenProject: sia:tacocloud-api:0.0.6-SNAPSHOT @ C:\Users\Tash\Desktop\TacoCloud spring\ch06\tacocloud-api\pom.xml.
2021-01-06 17:23:38,261 [Worker-7: Importing Maven projects] INFO  o.e.m.c.i.p.WorkspaceClassifierResolverManager - Resolving P/tacocloud-data: sia:tacocloud-data:0.0.6-SNAPSHOT with classifier  to /tacocloud-data/target/classes
2021-01-06 17:23:38,266 [Worker-7: Importing Maven projects] INFO  o.e.m.c.i.p.WorkspaceClassifierResolverManager - Resolving P/tacocloud-domain: sia:tacocloud-domain:0.0.6-SNAPSHOT with classifier  to /tacocloud-domain/target/classes
2021-01-06 17:23:38,267 [Worker-7: Importing Maven projects] INFO  o.e.m.c.i.p.WorkspaceClassifierResolverManager - Resolving P/tacocloud-security: sia:tacocloud-security:0.0.6-SNAPSHOT with classifier  to /tacocloud-security/target/classes
2021-01-06 17:23:38,424 [Worker-7: Importing Maven projects] INFO  o.e.m.c.i.l.LifecycleMappingFactory - Using org.eclipse.m2e.jdt.JarLifecycleMapping lifecycle mapping for MavenProject: sia:tacocloud-security:0.0.6-SNAPSHOT @ C:\Users\Tash\Desktop\TacoCloud spring\ch06\tacocloud-security\pom.xml.
2021-01-06 17:23:38,427 [Worker-7: Importing Maven projects] INFO  o.e.m.c.i.p.WorkspaceClassifierResolverManager - Resolving P/tacocloud-data: sia:tacocloud-data:0.0.6-SNAPSHOT with classifier  to /tacocloud-data/target/classes
2021-01-06 17:23:38,443 [Worker-7: Importing Maven projects] INFO  o.e.m.c.i.p.WorkspaceClassifierResolverManager - Resolving P/tacocloud-domain: sia:tacocloud-domain:0.0.6-SNAPSHOT with classifier  to /tacocloud-domain/target/classes
2021-01-06 17:23:38,610 [Worker-7: Importing Maven projects] INFO  o.e.m.c.i.l.LifecycleMappingFactory - Using org.eclipse.m2e.jdt.JarLifecycleMapping lifecycle mapping for MavenProject: sia:tacocloud-api:0.0.6-SNAPSHOT @ C:\Users\Tash\Desktop\TacoCloud spring\ch06\tacocloud-api\pom.xml.
2021-01-06 17:23:38,616 [Worker-7: Importing Maven projects] INFO  o.e.m.c.i.p.WorkspaceClassifierResolverManager - Resolving P/tacocloud-data: sia:tacocloud-data:0.0.6-SNAPSHOT with classifier  to /tacocloud-data/target/classes
2021-01-06 17:23:38,623 [Worker-7: Importing Maven projects] INFO  o.e.m.c.i.p.WorkspaceClassifierResolverManager - Resolving P/tacocloud-domain: sia:tacocloud-domain:0.0.6-SNAPSHOT with classifier  to /tacocloud-domain/target/classes
2021-01-06 17:23:38,624 [Worker-7: Importing Maven projects] INFO  o.e.m.c.i.p.WorkspaceClassifierResolverManager - Resolving P/tacocloud-security: sia:tacocloud-security:0.0.6-SNAPSHOT with classifier  to /tacocloud-security/target/classes
2021-01-06 17:23:56,963 [Worker-7: Importing Maven projects] INFO  o.e.m.j.i.AbstractJavaProjectConfigurator - Adding source folder /tacocloud-domain/src/main/java
2021-01-06 17:23:56,963 [Worker-7: Importing Maven projects] INFO  o.e.m.j.i.AbstractJavaProjectConfigurator - Adding source folder /tacocloud-domain/src/test/java
2021-01-06 17:23:57,409 [Worker-7: Importing Maven projects] INFO  o.e.m.j.i.AbstractJavaProjectConfigurator - Adding source folder /tacocloud-data/src/main/java
2021-01-06 17:23:57,409 [Worker-7: Importing Maven projects] INFO  o.e.m.j.i.AbstractJavaProjectConfigurator - Adding source folder /tacocloud-data/src/test/java
2021-01-06 17:23:57,653 [Worker-7: Importing Maven projects] INFO  o.e.m.j.i.AbstractJavaProjectConfigurator - Adding source folder /tacocloud-security/src/main/java
2021-01-06 17:23:57,654 [Worker-7: Importing Maven projects] INFO  o.e.m.j.i.AbstractJavaProjectConfigurator - Adding source folder /tacocloud-security/src/test/java
2021-01-06 17:23:57,795 [Worker-7: Importing Maven projects] INFO  o.e.m.j.i.AbstractJavaProjectConfigurator - Adding source folder /tacocloud-api/src/main/java
2021-01-06 17:23:57,795 [Worker-7: Importing Maven projects] INFO  o.e.m.j.i.AbstractJavaProjectConfigurator - Adding source folder /tacocloud-api/src/test/java
2021-01-06 17:23:59,060 [Worker-7: Importing Maven projects] INFO  o.e.m.j.i.AbstractJavaProjectConfigurator - Adding source folder /tacocloud-messaging-jms/src/main/java
2021-01-06 17:23:59,061 [Worker-7: Importing Maven projects] INFO  o.e.m.j.i.AbstractJavaProjectConfigurator - Adding resource folder /tacocloud-messaging-jms/src/main/resources
2021-01-06 17:23:59,062 [Worker-7: Importing Maven projects] INFO  o.e.m.j.i.AbstractJavaProjectConfigurator - Adding resource folder /tacocloud-messaging-jms/src/main/resources
2021-01-06 17:23:59,063 [Worker-7: Importing Maven projects] INFO  o.e.m.j.i.AbstractJavaProjectConfigurator - Adding source folder /tacocloud-messaging-jms/src/test/java
2021-01-06 17:23:59,300 [Worker-7: Importing Maven projects] INFO  o.e.m.j.i.AbstractJavaProjectConfigurator - Adding source folder /tacocloud-messaging-kafka/src/main/java
2021-01-06 17:23:59,300 [Worker-7: Importing Maven projects] INFO  o.e.m.j.i.AbstractJavaProjectConfigurator - Adding resource folder /tacocloud-messaging-kafka/src/main/resources
2021-01-06 17:23:59,301 [Worker-7: Importing Maven projects] INFO  o.e.m.j.i.AbstractJavaProjectConfigurator - Adding resource folder /tacocloud-messaging-kafka/src/main/resources
2021-01-06 17:23:59,301 [Worker-7: Importing Maven projects] INFO  o.e.m.j.i.AbstractJavaProjectConfigurator - Adding source folder /tacocloud-messaging-kafka/src/test/java
2021-01-06 17:23:59,822 [Worker-7: Importing Maven projects] INFO  o.e.m.j.i.AbstractJavaProjectConfigurator - Adding source folder /tacocloud-restclient/src/main/java
2021-01-06 17:23:59,823 [Worker-7: Importing Maven projects] INFO  o.e.m.j.i.AbstractJavaProjectConfigurator - Adding resource folder /tacocloud-restclient/src/main/resources
2021-01-06 17:23:59,823 [Worker-7: Importing Maven projects] INFO  o.e.m.j.i.AbstractJavaProjectConfigurator - Adding resource folder /tacocloud-restclient/src/main/resources
2021-01-06 17:23:59,824 [Worker-7: Importing Maven projects] INFO  o.e.m.j.i.AbstractJavaProjectConfigurator - Adding source folder /tacocloud-restclient/src/test/java
2021-01-06 17:24:05,205 [Worker-7: Importing Maven projects] INFO  c.g.e.m.p.f.lib.NodeInstaller - Node v6.9.1 is already installed.
2021-01-06 17:24:05,208 [Worker-7: Importing Maven projects] INFO  o.e.m.j.i.AbstractJavaProjectConfigurator - Adding source folder /tacocloud-ui/src/main/java
2021-01-06 17:24:05,209 [Worker-7: Importing Maven projects] INFO  o.e.m.j.i.AbstractJavaProjectConfigurator - Adding resource folder /tacocloud-ui/dist
2021-01-06 17:24:05,267 [Worker-7: Importing Maven projects] INFO  o.e.m.j.i.AbstractJavaProjectConfigurator - Adding source folder /tacocloud-ui/src/test/java
2021-01-06 17:24:05,309 [Worker-7: Importing Maven projects] INFO  o.e.m.j.i.AbstractJavaProjectConfigurator - Adding source folder /tacocloud-web/src/main/java
2021-01-06 17:24:05,309 [Worker-7: Importing Maven projects] INFO  o.e.m.j.i.AbstractJavaProjectConfigurator - Adding resource folder /tacocloud-web/src/main/resources
2021-01-06 17:24:05,310 [Worker-7: Importing Maven projects] INFO  o.e.m.j.i.AbstractJavaProjectConfigurator - Adding resource folder /tacocloud-web/src/main/resources
2021-01-06 17:24:05,310 [Worker-7: Importing Maven projects] INFO  o.e.m.j.i.AbstractJavaProjectConfigurator - Adding source folder /tacocloud-web/src/test/java
2021-01-06 17:24:05,554 [Worker-7: Importing Maven projects] INFO  o.e.m.j.i.AbstractJavaProjectConfigurator - Adding source folder /taco-cloud/src/main/java
2021-01-06 17:24:05,554 [Worker-7: Importing Maven projects] INFO  o.e.m.j.i.AbstractJavaProjectConfigurator - Adding resource folder /taco-cloud/src/main/resources
2021-01-06 17:24:05,554 [Worker-7: Importing Maven projects] INFO  o.e.m.j.i.AbstractJavaProjectConfigurator - Adding resource folder /taco-cloud/src/main/resources
2021-01-06 17:24:05,555 [Worker-7: Importing Maven projects] INFO  o.e.m.j.i.AbstractJavaProjectConfigurator - Adding source folder /taco-cloud/src/test/java
2021-01-06 17:24:05,706 [Worker-7: Importing Maven projects] INFO  o.e.m.j.i.AbstractJavaProjectConfigurator - Adding source folder /tacocloud-kitchen/src/main/java
2021-01-06 17:24:05,706 [Worker-7: Importing Maven projects] INFO  o.e.m.j.i.AbstractJavaProjectConfigurator - Adding resource folder /tacocloud-kitchen/src/main/resources
2021-01-06 17:24:05,706 [Worker-7: Importing Maven projects] INFO  o.e.m.j.i.AbstractJavaProjectConfigurator - Adding resource folder /tacocloud-kitchen/src/main/resources
2021-01-06 17:24:05,707 [Worker-7: Importing Maven projects] INFO  o.e.m.j.i.AbstractJavaProjectConfigurator - Adding source folder /tacocloud-kitchen/src/test/java
2021-01-06 17:24:05,874 [Worker-7: Importing Maven projects] INFO  o.e.m.j.i.AbstractJavaProjectConfigurator - Adding source folder /tacocloud-messaging-rabbitmq/src/main/java
2021-01-06 17:24:05,874 [Worker-7: Importing Maven projects] INFO  o.e.m.j.i.AbstractJavaProjectConfigurator - Adding resource folder /tacocloud-messaging-rabbitmq/src/main/resources
2021-01-06 17:24:05,874 [Worker-7: Importing Maven projects] INFO  o.e.m.j.i.AbstractJavaProjectConfigurator - Adding resource folder /tacocloud-messaging-rabbitmq/src/main/resources
2021-01-06 17:24:05,875 [Worker-7: Importing Maven projects] INFO  o.e.m.j.i.AbstractJavaProjectConfigurator - Adding source folder /tacocloud-messaging-rabbitmq/src/test/java
2021-01-06 17:24:05,931 [Worker-7: Importing Maven projects] INFO  o.e.m.c.i.p.ProjectConfigurationManager - Imported and configured 36 project(s) in 205 sec
2021-01-06 17:24:10,922 [Worker-16: Building] INFO  o.e.m.c.i.embedder.EclipseLogger - Using 'UTF-8' encoding to copy filtered resources.
2021-01-06 17:24:11,202 [Worker-16: Building] INFO  o.e.m.c.i.embedder.EclipseLogger - Copying 1 resource
2021-01-06 17:24:11,531 [Worker-16: Building] INFO  o.e.m.c.i.embedder.EclipseLogger - Copying 2 resources
2021-01-06 17:24:11,591 [Worker-16: Building] INFO  o.e.m.c.i.embedder.EclipseLogger - Using 'UTF-8' encoding to copy filtered resources.
2021-01-06 17:24:11,592 [Worker-16: Building] INFO  o.e.m.c.i.embedder.EclipseLogger - skip non existing resourceDirectory C:\Users\Tash\Desktop\TacoCloud spring\ch01\tacos\src\test\resources
2021-01-06 17:24:14,853 [Worker-16: Building] INFO  o.e.m.c.i.embedder.EclipseLogger - Using 'UTF-8' encoding to copy filtered resources.
2021-01-06 17:24:14,853 [Worker-16: Building] INFO  o.e.m.c.i.embedder.EclipseLogger - skip non existing resourceDirectory C:\Users\Tash\Desktop\TacoCloud spring\ch06\tacocloud-domain\src\main\resources
2021-01-06 17:24:14,853 [Worker-16: Building] INFO  o.e.m.c.i.embedder.EclipseLogger - skip non existing resourceDirectory C:\Users\Tash\Desktop\TacoCloud spring\ch06\tacocloud-domain\src\main\resources
2021-01-06 17:24:14,855 [Worker-16: Building] INFO  o.e.m.c.i.embedder.EclipseLogger - Using 'UTF-8' encoding to copy filtered resources.
2021-01-06 17:24:14,855 [Worker-16: Building] INFO  o.e.m.c.i.embedder.EclipseLogger - skip non existing resourceDirectory C:\Users\Tash\Desktop\TacoCloud spring\ch06\tacocloud-domain\src\test\resources
2021-01-06 17:24:15,334 [Worker-16: Building] INFO  o.e.m.c.i.p.WorkspaceClassifierResolverManager - Resolving P/tacocloud-domain: sia:tacocloud-domain:0.0.6-SNAPSHOT with classifier  to /tacocloud-domain/target/classes
2021-01-06 17:24:15,408 [Worker-16: Building] INFO  o.e.m.c.i.embedder.EclipseLogger - Using 'UTF-8' encoding to copy filtered resources.
2021-01-06 17:24:15,408 [Worker-16: Building] INFO  o.e.m.c.i.embedder.EclipseLogger - skip non existing resourceDirectory C:\Users\Tash\Desktop\TacoCloud spring\ch06\tacocloud-data\src\main\resources
2021-01-06 17:24:15,408 [Worker-16: Building] INFO  o.e.m.c.i.embedder.EclipseLogger - skip non existing resourceDirectory C:\Users\Tash\Desktop\TacoCloud spring\ch06\tacocloud-data\src\main\resources
2021-01-06 17:24:15,410 [Worker-16: Building] INFO  o.e.m.c.i.embedder.EclipseLogger - Using 'UTF-8' encoding to copy filtered resources.
2021-01-06 17:24:15,411 [Worker-16: Building] INFO  o.e.m.c.i.embedder.EclipseLogger - skip non existing resourceDirectory C:\Users\Tash\Desktop\TacoCloud spring\ch06\tacocloud-data\src\test\resources
2021-01-06 17:24:16,267 [Worker-16: Building] INFO  o.e.m.c.i.embedder.EclipseLogger - Using 'UTF-8' encoding to copy filtered resources.
2021-01-06 17:24:16,268 [Worker-16: Building] INFO  o.e.m.c.i.embedder.EclipseLogger - Copying 1 resource
2021-01-06 17:24:16,292 [Worker-16: Building] INFO  o.e.m.c.i.embedder.EclipseLogger - Copying 2 resources
2021-01-06 17:24:16,301 [Worker-16: Building] INFO  o.e.m.c.i.embedder.EclipseLogger - Using 'UTF-8' encoding to copy filtered resources.
2021-01-06 17:24:16,301 [Worker-16: Building] INFO  o.e.m.c.i.embedder.EclipseLogger - skip non existing resourceDirectory C:\Users\Tash\Desktop\TacoCloud spring\ch08\tacocloud-kitchen\src\test\resources
2021-01-06 17:24:16,450 [Worker-16: Building] WARN  o.e.m.c.i.embedder.EclipseLogger - The POM for sia:tacocloud-domain:jar:0.0.8-SNAPSHOT is missing, no dependency information available
2021-01-06 17:24:16,622 [Worker-16: Building] INFO  o.e.m.c.i.embedder.EclipseLogger - Using 'UTF-8' encoding to copy filtered resources.
2021-01-06 17:24:16,622 [Worker-16: Building] INFO  o.e.m.c.i.embedder.EclipseLogger - Copying 1 resource
2021-01-06 17:24:16,843 [Worker-16: Building] INFO  o.e.m.c.i.embedder.EclipseLogger - Copying 0 resource
2021-01-06 17:24:16,845 [Worker-16: Building] INFO  o.e.m.c.i.embedder.EclipseLogger - Using 'UTF-8' encoding to copy filtered resources.
2021-01-06 17:24:16,846 [Worker-16: Building] INFO  o.e.m.c.i.embedder.EclipseLogger - skip non existing resourceDirectory C:\Users\Tash\Desktop\TacoCloud spring\ch08\tacocloud-messaging-jms\src\test\resources
2021-01-06 17:24:16,946 [Worker-16: Building] WARN  o.e.m.c.i.embedder.EclipseLogger - The POM for sia:tacocloud-domain:jar:0.0.8-SNAPSHOT is missing, no dependency information available
2021-01-06 17:24:17,093 [Worker-16: Building] INFO  o.e.m.c.i.embedder.EclipseLogger - Using 'UTF-8' encoding to copy filtered resources.
2021-01-06 17:24:17,094 [Worker-16: Building] INFO  o.e.m.c.i.embedder.EclipseLogger - Copying 1 resource
2021-01-06 17:24:17,097 [Worker-16: Building] INFO  o.e.m.c.i.embedder.EclipseLogger - Copying 0 resource
2021-01-06 17:24:17,099 [Worker-16: Building] INFO  o.e.m.c.i.embedder.EclipseLogger - Using 'UTF-8' encoding to copy filtered resources.
2021-01-06 17:24:17,099 [Worker-16: Building] INFO  o.e.m.c.i.embedder.EclipseLogger - skip non existing resourceDirectory C:\Users\Tash\Desktop\TacoCloud spring\ch08\tacocloud-messaging-kafka\src\test\resources
2021-01-06 17:24:17,198 [Worker-16: Building] WARN  o.e.m.c.i.embedder.EclipseLogger - The POM for sia:tacocloud-domain:jar:0.0.8-SNAPSHOT is missing, no dependency information available
2021-01-06 17:24:17,313 [Worker-16: Building] INFO  o.e.m.c.i.embedder.EclipseLogger - Using 'UTF-8' encoding to copy filtered resources.
2021-01-06 17:24:17,313 [Worker-16: Building] INFO  o.e.m.c.i.embedder.EclipseLogger - Copying 1 resource
2021-01-06 17:24:17,314 [Worker-16: Building] INFO  o.e.m.c.i.embedder.EclipseLogger - Copying 0 resource
2021-01-06 17:24:17,316 [Worker-16: Building] INFO  o.e.m.c.i.embedder.EclipseLogger - Using 'UTF-8' encoding to copy filtered resources.
2021-01-06 17:24:17,316 [Worker-16: Building] INFO  o.e.m.c.i.embedder.EclipseLogger - skip non existing resourceDirectory C:\Users\Tash\Desktop\TacoCloud spring\ch08\tacocloud-messaging-rabbitmq\src\test\resources
2021-01-06 17:24:17,433 [Worker-16: Building] WARN  o.e.m.c.i.embedder.EclipseLogger - The POM for sia:tacocloud-domain:jar:0.0.7-SNAPSHOT is missing, no dependency information available
2021-01-06 17:24:17,628 [Worker-16: Building] INFO  o.e.m.c.i.embedder.EclipseLogger - Using 'UTF-8' encoding to copy filtered resources.
2021-01-06 17:24:17,629 [Worker-16: Building] INFO  o.e.m.c.i.embedder.EclipseLogger - Copying 1 resource
2021-01-06 17:24:17,632 [Worker-16: Building] INFO  o.e.m.c.i.embedder.EclipseLogger - Copying 16 resources
2021-01-06 17:24:17,680 [Worker-16: Building] INFO  o.e.m.c.i.embedder.EclipseLogger - Using 'UTF-8' encoding to copy filtered resources.
2021-01-06 17:24:17,680 [Worker-16: Building] INFO  o.e.m.c.i.embedder.EclipseLogger - skip non existing resourceDirectory C:\Users\Tash\Desktop\TacoCloud spring\ch07\tacocloud-restclient\src\test\resources
2021-01-06 17:24:18,406 [Worker-16: Building] INFO  o.e.m.c.i.p.WorkspaceClassifierResolverManager - Resolving P/tacocloud-data: sia:tacocloud-data:0.0.6-SNAPSHOT with classifier  to /tacocloud-data/target/classes
2021-01-06 17:24:18,419 [Worker-16: Building] INFO  o.e.m.c.i.p.WorkspaceClassifierResolverManager - Resolving P/tacocloud-domain: sia:tacocloud-domain:0.0.6-SNAPSHOT with classifier  to /tacocloud-domain/target/classes
2021-01-06 17:24:18,433 [Worker-16: Building] INFO  o.e.m.c.i.embedder.EclipseLogger - Using 'UTF-8' encoding to copy filtered resources.
2021-01-06 17:24:18,434 [Worker-16: Building] INFO  o.e.m.c.i.embedder.EclipseLogger - skip non existing resourceDirectory C:\Users\Tash\Desktop\TacoCloud spring\ch06\tacocloud-security\src\main\resources
2021-01-06 17:24:18,434 [Worker-16: Building] INFO  o.e.m.c.i.embedder.EclipseLogger - skip non existing resourceDirectory C:\Users\Tash\Desktop\TacoCloud spring\ch06\tacocloud-security\src\main\resources
2021-01-06 17:24:18,435 [Worker-16: Building] INFO  o.e.m.c.i.embedder.EclipseLogger - Using 'UTF-8' encoding to copy filtered resources.
2021-01-06 17:24:18,436 [Worker-16: Building] INFO  o.e.m.c.i.embedder.EclipseLogger - skip non existing resourceDirectory C:\Users\Tash\Desktop\TacoCloud spring\ch06\tacocloud-security\src\test\resources
2021-01-06 17:24:19,856 [Worker-16: Building] INFO  o.e.m.c.i.p.WorkspaceClassifierResolverManager - Resolving P/tacocloud-data: sia:tacocloud-data:0.0.6-SNAPSHOT with classifier  to /tacocloud-data/target/classes
2021-01-06 17:24:19,863 [Worker-16: Building] INFO  o.e.m.c.i.p.WorkspaceClassifierResolverManager - Resolving P/tacocloud-domain: sia:tacocloud-domain:0.0.6-SNAPSHOT with classifier  to /tacocloud-domain/target/classes
2021-01-06 17:24:19,863 [Worker-16: Building] INFO  o.e.m.c.i.p.WorkspaceClassifierResolverManager - Resolving P/tacocloud-security: sia:tacocloud-security:0.0.6-SNAPSHOT with classifier  to /tacocloud-security/target/classes
2021-01-06 17:24:19,885 [Worker-16: Building] INFO  o.e.m.c.i.embedder.EclipseLogger - Using 'UTF-8' encoding to copy filtered resources.
2021-01-06 17:24:19,885 [Worker-16: Building] INFO  o.e.m.c.i.embedder.EclipseLogger - skip non existing resourceDirectory C:\Users\Tash\Desktop\TacoCloud spring\ch06\tacocloud-api\src\main\resources
2021-01-06 17:24:19,885 [Worker-16: Building] INFO  o.e.m.c.i.embedder.EclipseLogger - skip non existing resourceDirectory C:\Users\Tash\Desktop\TacoCloud spring\ch06\tacocloud-api\src\main\resources
2021-01-06 17:24:19,887 [Worker-16: Building] INFO  o.e.m.c.i.embedder.EclipseLogger - Using 'UTF-8' encoding to copy filtered resources.
2021-01-06 17:24:19,888 [Worker-16: Building] INFO  o.e.m.c.i.embedder.EclipseLogger - skip non existing resourceDirectory C:\Users\Tash\Desktop\TacoCloud spring\ch06\tacocloud-api\src\test\resources
2021-01-06 17:24:20,319 [Worker-16: Building] INFO  c.g.e.m.p.f.lib.NodeInstaller - Node v6.9.1 is already installed.
2021-01-06 17:24:20,324 [Worker-16: Building] INFO  c.g.e.m.p.f.lib.DefaultNpmRunner - Running 'npm install' in C:\Users\Tash\Desktop\TacoCloud spring\ch06\tacocloud-ui
2021-01-06 17:24:40,976 [Exec Stream Pumper] WARN  c.g.e.m.p.f.lib.DefaultNpmRunner - npm WARN optional SKIPPING OPTIONAL DEPENDENCY: fsevents@^1.0.0 (node_modules\chokidar\node_modules\fsevents):
2021-01-06 17:24:40,978 [Exec Stream Pumper] WARN  c.g.e.m.p.f.lib.DefaultNpmRunner - npm WARN notsup SKIPPING OPTIONAL DEPENDENCY: Unsupported platform for fsevents@1.2.13: wanted {"os":"darwin","arch":"any"} (current: {"os":"win32","arch":"x64"})
2021-01-06 17:24:40,979 [Exec Stream Pumper] WARN  c.g.e.m.p.f.lib.DefaultNpmRunner - npm WARN optional SKIPPING OPTIONAL DEPENDENCY: fsevents@~2.1.2 (node_modules\watchpack\node_modules\chokidar\node_modules\fsevents):
2021-01-06 17:24:40,980 [Exec Stream Pumper] WARN  c.g.e.m.p.f.lib.DefaultNpmRunner - npm WARN notsup SKIPPING OPTIONAL DEPENDENCY: Unsupported platform for fsevents@2.1.3: wanted {"os":"darwin","arch":"any"} (current: {"os":"win32","arch":"x64"})
2021-01-06 17:24:40,980 [Exec Stream Pumper] WARN  c.g.e.m.p.f.lib.DefaultNpmRunner - npm WARN optional SKIPPING OPTIONAL DEPENDENCY: fsevents@^1.2.7 (node_modules\watchpack-chokidar2\node_modules\chokidar\node_modules\fsevents):
2021-01-06 17:24:40,981 [Exec Stream Pumper] WARN  c.g.e.m.p.f.lib.DefaultNpmRunner - npm WARN notsup SKIPPING OPTIONAL DEPENDENCY: Unsupported platform for fsevents@1.2.13: wanted {"os":"darwin","arch":"any"} (current: {"os":"win32","arch":"x64"})
2021-01-06 17:24:40,982 [Exec Stream Pumper] WARN  c.g.e.m.p.f.lib.DefaultNpmRunner - npm WARN optional SKIPPING OPTIONAL DEPENDENCY: fsevents@^1.2.7 (node_modules\webpack-dev-server\node_modules\chokidar\node_modules\fsevents):
2021-01-06 17:24:40,982 [Exec Stream Pumper] WARN  c.g.e.m.p.f.lib.DefaultNpmRunner - npm WARN notsup SKIPPING OPTIONAL DEPENDENCY: Unsupported platform for fsevents@1.2.13: wanted {"os":"darwin","arch":"any"} (current: {"os":"win32","arch":"x64"})
2021-01-06 17:24:40,983 [Exec Stream Pumper] WARN  c.g.e.m.p.f.lib.DefaultNpmRunner - npm WARN codelyzer@3.2.2 requires a peer of @angular/compiler@^2.3.1 || >=4.0.0-beta <5.0.0 but none was installed.
2021-01-06 17:24:40,984 [Exec Stream Pumper] WARN  c.g.e.m.p.f.lib.DefaultNpmRunner - npm WARN codelyzer@3.2.2 requires a peer of @angular/core@^2.3.1 || >=4.0.0-beta <5.0.0 but none was installed.
2021-01-06 17:24:41,002 [Worker-16: Building] INFO  c.g.e.m.p.f.lib.DefaultNpmRunner - Running 'npm run-script build' in C:\Users\Tash\Desktop\TacoCloud spring\ch06\tacocloud-ui
2021-01-06 17:24:42,654 [Exec Stream Pumper] INFO  c.g.e.m.p.f.lib.DefaultNpmRunner - 
2021-01-06 17:24:42,654 [Exec Stream Pumper] INFO  c.g.e.m.p.f.lib.DefaultNpmRunner - > taco-web-ui@0.0.0 build C:\Users\Tash\Desktop\TacoCloud spring\ch06\tacocloud-ui
2021-01-06 17:24:42,654 [Exec Stream Pumper] INFO  c.g.e.m.p.f.lib.DefaultNpmRunner - > ng build --dev
2021-01-06 17:24:42,654 [Exec Stream Pumper] INFO  c.g.e.m.p.f.lib.DefaultNpmRunner - 
2021-01-06 17:25:31,304 [Exec Stream Pumper] INFO  c.g.e.m.p.f.lib.DefaultNpmRunner - [0mDate: [1m[37m2021-01-06T15:25:31.299Z[39m[22m[0m
2021-01-06 17:25:31,304 [Exec Stream Pumper] INFO  c.g.e.m.p.f.lib.DefaultNpmRunner - [0mHash: [1m[37m8a1d429f47cdc10765c5[39m[22m[0m
2021-01-06 17:25:31,304 [Exec Stream Pumper] INFO  c.g.e.m.p.f.lib.DefaultNpmRunner - [0mTime: [1m[37m14217[39m[22mms[0m
2021-01-06 17:25:31,304 [Exec Stream Pumper] INFO  c.g.e.m.p.f.lib.DefaultNpmRunner - [0mchunk {[1m[33minline[39m[22m} [1m[32minline.bundle.js, inline.bundle.js.map[39m[22m (inline) 3.89 kB [1m[33m[entry][39m[22m[1m[32m [rendered][39m[22m[0m
2021-01-06 17:25:31,304 [Exec Stream Pumper] INFO  c.g.e.m.p.f.lib.DefaultNpmRunner - [0mchunk {[1m[33mmain[39m[22m} [1m[32mmain.bundle.js, main.bundle.js.map[39m[22m (main) 99.7 kB [1m[33m[initial][39m[22m[1m[32m [rendered][39m[22m[0m
2021-01-06 17:25:31,304 [Exec Stream Pumper] INFO  c.g.e.m.p.f.lib.DefaultNpmRunner - [0mchunk {[1m[33mpolyfills[39m[22m} [1m[32mpolyfills.bundle.js, polyfills.bundle.js.map[39m[22m (polyfills) 218 kB [1m[33m[initial][39m[22m[1m[32m [rendered][39m[22m[0m
2021-01-06 17:25:31,304 [Exec Stream Pumper] INFO  c.g.e.m.p.f.lib.DefaultNpmRunner - [0mchunk {[1m[33mstyles[39m[22m} [1m[32mstyles.bundle.js, styles.bundle.js.map[39m[22m (styles) 14.5 kB [1m[33m[initial][39m[22m[1m[32m [rendered][39m[22m[0m
2021-01-06 17:25:31,304 [Exec Stream Pumper] INFO  c.g.e.m.p.f.lib.DefaultNpmRunner - [0mchunk {[1m[33mvendor[39m[22m} [1m[32mvendor.bundle.js, vendor.bundle.js.map[39m[22m (vendor) 3.81 MB [1m[33m[initial][39m[22m[1m[32m [rendered][39m[22m[0m
2021-01-06 17:25:31,670 [Worker-16: Building] INFO  o.e.m.c.i.embedder.EclipseLogger - Using 'UTF-8' encoding to copy filtered resources.
2021-01-06 17:25:31,671 [Worker-16: Building] INFO  o.e.m.c.i.embedder.EclipseLogger - Copying 20 resources
2021-01-06 17:25:31,822 [Worker-16: Building] INFO  o.e.m.c.i.embedder.EclipseLogger - Using 'UTF-8' encoding to copy filtered resources.
2021-01-06 17:25:31,822 [Worker-16: Building] INFO  o.e.m.c.i.embedder.EclipseLogger - skip non existing resourceDirectory C:\Users\Tash\Desktop\TacoCloud spring\ch06\tacocloud-ui\src\test\resources
2021-01-06 17:25:33,148 [Worker-16: Building] INFO  o.e.m.c.i.p.WorkspaceClassifierResolverManager - Resolving P/tacocloud-data: sia:tacocloud-data:0.0.6-SNAPSHOT with classifier  to /tacocloud-data/target/classes
2021-01-06 17:25:33,154 [Worker-16: Building] INFO  o.e.m.c.i.p.WorkspaceClassifierResolverManager - Resolving P/tacocloud-domain: sia:tacocloud-domain:0.0.6-SNAPSHOT with classifier  to /tacocloud-domain/target/classes
2021-01-06 17:25:33,183 [Worker-16: Building] INFO  o.e.m.c.i.embedder.EclipseLogger - Using 'UTF-8' encoding to copy filtered resources.
2021-01-06 17:25:33,183 [Worker-16: Building] INFO  o.e.m.c.i.embedder.EclipseLogger - Copying 0 resource
2021-01-06 17:25:33,184 [Worker-16: Building] INFO  o.e.m.c.i.embedder.EclipseLogger - Copying 16 resources
2021-01-06 17:25:33,642 [Worker-16: Building] INFO  o.e.m.c.i.embedder.EclipseLogger - Using 'UTF-8' encoding to copy filtered resources.
2021-01-06 17:25:33,642 [Worker-16: Building] INFO  o.e.m.c.i.embedder.EclipseLogger - skip non existing resourceDirectory C:\Users\Tash\Desktop\TacoCloud spring\ch06\tacocloud-web\src\test\resources
2021-01-06 17:29:58,587 [Worker-4: Loading available Gradle versions] INFO  o.e.b.c.i.u.g.PublishedGradleVersions - Gradle version information cache is up-to-date. Trying to read.
